<?xml version="1.0" encoding="UTF-8"?>
<!-- Generated by org.testng.reporters.JUnitReportReporter -->
<testsuite hostname="LAPTOP-UAN68A53" failures="0" tests="4" name="EndtoEnd.demo" time="29.337" errors="0" timestamp="2022-11-12T23:38:20 PST" skipped="0">
  <testcase classname="EndtoEnd.demo" name="Mainordersubmit" time="8.405"/>
  <system-out/>
  <testcase classname="EndtoEnd.demo" name="Myorders" time="5.409"/>
  <system-out/>
  <testcase classname="EndtoEnd.demo" name="Mainordersubmit" time="9.784"/>
  <system-out/>
  <testcase classname="EndtoEnd.demo" name="Myorders" time="5.739"/>
  <system-out/>
</testsuite> <!-- EndtoEnd.demo -->
