<?xml version="1.0" encoding="UTF-8"?>
<!-- Generated by org.testng.reporters.JUnitReportReporter -->
<testsuite hostname="LAPTOP-UAN68A53" failures="0" tests="4" name="EndtoEnd.standalonejasondata" time="33.047" errors="0" timestamp="2022-11-18T13:08:26 PST" skipped="0">
  <testcase classname="EndtoEnd.standalonejasondata" name="Mainordersubmit" time="11.863"/>
  <system-out/>
  <testcase classname="EndtoEnd.standalonejasondata" name="Mainordersubmit" time="9.665"/>
  <system-out/>
  <testcase classname="EndtoEnd.standalonejasondata" name="Myorders" time="5.465"/>
  <system-out/>
  <testcase classname="EndtoEnd.standalonejasondata" name="Myorders" time="6.054"/>
  <system-out/>
</testsuite> <!-- EndtoEnd.standalonejasondata -->
