<?xml version="1.0" encoding="UTF-8"?>
<!-- Generated by org.testng.reporters.JUnitReportReporter -->
<testsuite hostname="LAPTOP-UAN68A53" failures="0" tests="1" name="EndtoEnd.standalonefirstfreshe2eTest" time="4.679" errors="0" timestamp="2022-09-05T16:33:03 PDT" skipped="0">
  <testcase classname="EndtoEnd.standalonefirstfreshe2eTest" name="run" time="4.679"/>
  <system-out/>
</testsuite> <!-- EndtoEnd.standalonefirstfreshe2eTest -->
