<?xml version="1.0" encoding="UTF-8"?>
<!-- Generated by org.testng.reporters.JUnitReportReporter -->
<testsuite hostname="LAPTOP-UAN68A53" failures="0" tests="4" name="EndtoEnd.standalone" time="28.138" errors="0" timestamp="2022-11-13T20:20:10 PST" skipped="0">
  <testcase classname="EndtoEnd.standalone" name="Mainordersubmit" time="8.477"/>
  <system-out/>
  <testcase classname="EndtoEnd.standalone" name="Myorders" time="5.053"/>
  <system-out/>
  <testcase classname="EndtoEnd.standalone" name="Myorders" time="5.214"/>
  <system-out/>
  <testcase classname="EndtoEnd.standalone" name="Mainordersubmit" time="9.394"/>
  <system-out/>
</testsuite> <!-- EndtoEnd.standalone -->
