<?xml version="1.0" encoding="UTF-8"?>
<!-- Generated by org.testng.reporters.JUnitReportReporter -->
<testsuite hostname="LAPTOP-UAN68A53" failures="0" tests="4" name="EndtoEnd.standalonejasondata" time="28.423" errors="0" timestamp="2022-11-12T23:49:59 PST" skipped="0">
  <testcase classname="EndtoEnd.standalonejasondata" name="Myorders" time="5.430"/>
  <system-out/>
  <testcase classname="EndtoEnd.standalonejasondata" name="Mainordersubmit" time="9.226"/>
  <system-out/>
  <testcase classname="EndtoEnd.standalonejasondata" name="Mainordersubmit" time="8.244"/>
  <system-out/>
  <testcase classname="EndtoEnd.standalonejasondata" name="Myorders" time="5.523"/>
  <system-out/>
</testsuite> <!-- EndtoEnd.standalonejasondata -->
