<?xml version="1.0" encoding="UTF-8"?>
<!-- Generated by org.testng.reporters.JUnitReportReporter -->
<testsuite hostname="LAPTOP-UAN68A53" failures="0" tests="4" name="EndtoEnd.standalonehashmap" time="31.527" errors="0" timestamp="2022-11-18T13:08:26 PST" skipped="0">
  <testcase classname="EndtoEnd.standalonehashmap" name="Myorders" time="5.797"/>
  <system-out/>
  <testcase classname="EndtoEnd.standalonehashmap" name="Mainordersubmit" time="10.590"/>
  <system-out/>
  <testcase classname="EndtoEnd.standalonehashmap" name="Myorders" time="5.965"/>
  <system-out/>
  <testcase classname="EndtoEnd.standalonehashmap" name="Mainordersubmit" time="9.175"/>
  <system-out/>
</testsuite> <!-- EndtoEnd.standalonehashmap -->
