<?xml version="1.0" encoding="UTF-8"?>
<!-- Generated by org.testng.reporters.JUnitReportReporter -->
<testsuite hostname="LAPTOP-UAN68A53" failures="0" tests="4" name="EndtoEnd.standalonehashmap" time="34.209" errors="0" timestamp="2022-09-07T18:01:39 PDT" skipped="0">
  <testcase classname="EndtoEnd.standalonehashmap" name="Mainordersubmit" time="12.058"/>
  <system-out/>
  <testcase classname="EndtoEnd.standalonehashmap" name="Myorders" time="6.420"/>
  <system-out/>
  <testcase classname="EndtoEnd.standalonehashmap" name="Myorders" time="6.291"/>
  <system-out/>
  <testcase classname="EndtoEnd.standalonehashmap" name="Mainordersubmit" time="9.440"/>
  <system-out/>
</testsuite> <!-- EndtoEnd.standalonehashmap -->
