<?xml version="1.0" encoding="UTF-8"?>
<!-- Generated by org.testng.reporters.JUnitReportReporter -->
<testsuite hostname="LAPTOP-UAN68A53" failures="0" tests="4" name="EndtoEnd.standalone" time="32.157" errors="0" timestamp="2022-11-18T13:08:26 PST" skipped="0">
  <testcase classname="EndtoEnd.standalone" name="Myorders" time="5.932"/>
  <system-out/>
  <testcase classname="EndtoEnd.standalone" name="Mainordersubmit" time="8.994"/>
  <system-out/>
  <testcase classname="EndtoEnd.standalone" name="Mainordersubmit" time="11.155"/>
  <system-out/>
  <testcase classname="EndtoEnd.standalone" name="Myorders" time="6.076"/>
  <system-out/>
</testsuite> <!-- EndtoEnd.standalone -->
