<?xml version="1.0" encoding="UTF-8"?>
<!-- Generated by org.testng.reporters.JUnitReportReporter -->
<testsuite hostname="LAPTOP-UAN68A53" failures="0" tests="4" name="EndtoEnd.standalone" time="35.672" errors="0" timestamp="2022-11-02T23:20:05 PDT" skipped="0">
  <testcase classname="EndtoEnd.standalone" name="Myorders" time="6.891"/>
  <system-out/>
  <testcase classname="EndtoEnd.standalone" name="Mainordersubmit" time="11.800"/>
  <system-out/>
  <testcase classname="EndtoEnd.standalone" name="Myorders" time="6.921"/>
  <system-out/>
  <testcase classname="EndtoEnd.standalone" name="Mainordersubmit" time="10.060"/>
  <system-out/>
</testsuite> <!-- EndtoEnd.standalone -->
