<?xml version="1.0" encoding="UTF-8"?>
<!-- Generated by org.testng.reporters.JUnitReportReporter -->
<testsuite hostname="LAPTOP-UAN68A53" failures="0" tests="1" name="EndtoEnd.ErrorValidation" time="8.707" errors="0" timestamp="2022-11-02T23:20:05 PDT" skipped="0">
  <testcase classname="EndtoEnd.ErrorValidation" name="Loginerrorvalidate" time="8.707"/>
  <system-out/>
</testsuite> <!-- EndtoEnd.ErrorValidation -->
